<?xml version="1.0" encoding="UTF-8"?>
<testng-results ignored="0" total="3" passed="3" failed="0" skipped="0">
  <reporter-output>
  </reporter-output>
  <suite started-at="2022-09-03T08:42:04 WIB" name="Default suite" finished-at="2022-09-03T08:42:04 WIB" duration-ms="110">
    <groups>
    </groups>
    <test started-at="2022-09-03T08:42:04 WIB" name="Default test" finished-at="2022-09-03T08:42:04 WIB" duration-ms="110">
      <class name="testng.TestGeometry">
        <test-method is-config="true" signature="beforeTest()[pri:0, instance:testng.TestGeometry@f736069]" started-at="2022-09-03T08:42:04 WIB" name="beforeTest" finished-at="2022-09-03T08:42:04 WIB" duration-ms="16" status="PASS">
          <reporter-output>
          </reporter-output>
        </test-method> <!-- beforeTest -->
        <test-method is-config="true" signature="beforeClass()[pri:0, instance:testng.TestGeometry@f736069]" started-at="2022-09-03T08:42:04 WIB" name="beforeClass" finished-at="2022-09-03T08:42:04 WIB" duration-ms="1" status="PASS">
          <reporter-output>
          </reporter-output>
        </test-method> <!-- beforeClass -->
        <test-method is-config="true" signature="beforeMethod()[pri:0, instance:testng.TestGeometry@f736069]" started-at="2022-09-03T08:42:04 WIB" name="beforeMethod" finished-at="2022-09-03T08:42:04 WIB" duration-ms="1" status="PASS">
          <reporter-output>
          </reporter-output>
        </test-method> <!-- beforeMethod -->
        <test-method signature="testLuasPersegi()[pri:0, instance:testng.TestGeometry@f736069]" started-at="2022-09-03T08:42:04 WIB" name="testLuasPersegi" finished-at="2022-09-03T08:42:04 WIB" duration-ms="13" status="PASS">
          <reporter-output>
          </reporter-output>
        </test-method> <!-- testLuasPersegi -->
        <test-method is-config="true" signature="afterMethod()[pri:0, instance:testng.TestGeometry@f736069]" started-at="2022-09-03T08:42:04 WIB" name="afterMethod" finished-at="2022-09-03T08:42:04 WIB" duration-ms="1" status="PASS">
          <reporter-output>
          </reporter-output>
        </test-method> <!-- afterMethod -->
        <test-method is-config="true" signature="beforeMethod()[pri:0, instance:testng.TestGeometry@f736069]" started-at="2022-09-03T08:42:04 WIB" name="beforeMethod" finished-at="2022-09-03T08:42:04 WIB" duration-ms="1" status="PASS">
          <reporter-output>
          </reporter-output>
        </test-method> <!-- beforeMethod -->
        <test-method signature="testLuasSegitiga()[pri:0, instance:testng.TestGeometry@f736069]" started-at="2022-09-03T08:42:04 WIB" name="testLuasSegitiga" finished-at="2022-09-03T08:42:04 WIB" duration-ms="3" status="PASS">
          <reporter-output>
          </reporter-output>
        </test-method> <!-- testLuasSegitiga -->
        <test-method is-config="true" signature="afterMethod()[pri:0, instance:testng.TestGeometry@f736069]" started-at="2022-09-03T08:42:04 WIB" name="afterMethod" finished-at="2022-09-03T08:42:04 WIB" duration-ms="1" status="PASS">
          <reporter-output>
          </reporter-output>
        </test-method> <!-- afterMethod -->
        <test-method is-config="true" signature="beforeMethod()[pri:0, instance:testng.TestGeometry@f736069]" started-at="2022-09-03T08:42:04 WIB" name="beforeMethod" finished-at="2022-09-03T08:42:04 WIB" duration-ms="1" status="PASS">
          <reporter-output>
          </reporter-output>
        </test-method> <!-- beforeMethod -->
        <test-method signature="testLuasTrapesium()[pri:0, instance:testng.TestGeometry@f736069]" started-at="2022-09-03T08:42:04 WIB" name="testLuasTrapesium" finished-at="2022-09-03T08:42:04 WIB" duration-ms="2" status="PASS">
          <reporter-output>
          </reporter-output>
        </test-method> <!-- testLuasTrapesium -->
        <test-method is-config="true" signature="afterMethod()[pri:0, instance:testng.TestGeometry@f736069]" started-at="2022-09-03T08:42:04 WIB" name="afterMethod" finished-at="2022-09-03T08:42:04 WIB" duration-ms="1" status="PASS">
          <reporter-output>
          </reporter-output>
        </test-method> <!-- afterMethod -->
        <test-method is-config="true" signature="afterClass()[pri:0, instance:testng.TestGeometry@f736069]" started-at="2022-09-03T08:42:04 WIB" name="afterClass" finished-at="2022-09-03T08:42:04 WIB" duration-ms="1" status="PASS">
          <reporter-output>
          </reporter-output>
        </test-method> <!-- afterClass -->
        <test-method is-config="true" signature="afterTest()[pri:0, instance:testng.TestGeometry@f736069]" started-at="2022-09-03T08:42:04 WIB" name="afterTest" finished-at="2022-09-03T08:42:04 WIB" duration-ms="0" status="PASS">
          <reporter-output>
          </reporter-output>
        </test-method> <!-- afterTest -->
      </class> <!-- testng.TestGeometry -->
    </test> <!-- Default test -->
  </suite> <!-- Default suite -->
</testng-results>
