<?xml version="1.0" encoding="UTF-8"?>
<!-- Generated by org.testng.reporters.JUnitXMLReporter -->
<testsuite ignored="0" hostname="DESKTOP-KFF6RM1" failures="0" tests="3" name="Default test" time="0.11" errors="0" timestamp="2022-09-03T08:42:04 WIB">
  <testcase classname="testng.TestGeometry" name="testLuasPersegi" time="0.013"/>
  <testcase classname="testng.TestGeometry" name="testLuasSegitiga" time="0.003"/>
  <testcase classname="testng.TestGeometry" name="testLuasTrapesium" time="0.002"/>
</testsuite> <!-- Default test -->
